[18/Oct/2020:23:50:37] (I): WordPress Instance Info:
[18/Oct/2020:23:50:37] (I): Home URL : http://localhost/wordpressngurah
[18/Oct/2020:23:50:37] (I): Site URL : http://localhost/wordpressngurah
[18/Oct/2020:23:50:37] (I): WordPress Version : 5.5.1
[18/Oct/2020:23:50:37] (I): Onboarding Version : 1.0.11
[18/Oct/2020:23:50:37] (I): Multisite : No
[18/Oct/2020:23:50:37] (I): Server Info : Apache/2.4.46 (Win64) OpenSSL/1.1.1g PHP/7.4.10
[18/Oct/2020:23:50:37] (I): PHP Version : 7.4.10
[18/Oct/2020:23:50:37] (I): HTTPS : No
[18/Oct/2020:23:50:37] (I): PHP Max Execution Time : 120
[18/Oct/2020:23:50:37] (I): PHP Max Input Vars : 1000
[18/Oct/2020:23:50:37] (I): Max Upload Size : 41943040
[18/Oct/2020:23:50:37] (I): Plugins:
[18/Oct/2020:23:50:37] (I): [PLUGIN] Gutenberg Blocks and Template Library by Otter : v1.5.8 (ThemeIsle)
[18/Oct/2020:23:50:37] (I): [PLUGIN] Templates Patterns Collection : v1.0.11 (ThemeIsle)
[18/Oct/2020:23:50:37] (I): [PLUGIN] WPForms Lite : v1.6.2.3 (WPForms)
[18/Oct/2020:23:50:37] (P): Saving remote XML
[18/Oct/2020:23:50:38] (S): Saved remote XML at path C:\xampp\htdocs\wordpressngurah/wp-content/uploads/themeisle-demo-import.xml.
[18/Oct/2020:23:50:38] (P): Starting content import...
[18/Oct/2020:23:50:38] (S): Import started.
[18/Oct/2020:23:50:38] (S): Parsing XML file.
[18/Oct/2020:23:50:38] (P): Starting parsing file:C:\xampp\htdocs\wordpressngurah/wp-content/uploads/themeisle-demo-import.xml
[18/Oct/2020:23:50:38] (P): Using WXR_Parser_SimpleXML...
[18/Oct/2020:23:50:38] (S): Parsed XML
[18/Oct/2020:23:50:38] (P): Processing categories...
[18/Oct/2020:23:50:38] (S): Processed categories.
[18/Oct/2020:23:50:38] (P): Processing tags...
[18/Oct/2020:23:50:38] (S): No tags to process.
[18/Oct/2020:23:50:38] (P): Processing terms...
[18/Oct/2020:23:50:38] (S): Processed terms.
[18/Oct/2020:23:50:38] (P): Processing posts...
[18/Oct/2020:23:50:38] (P): Processing single menu item ' '...
[18/Oct/2020:23:50:38] (P): Processing attachment: https://s33834.pcdn.co/web-agency-gb/wp-content/uploads/sites/422/2020/01/neve-webdesign-GB-01.png...
[18/Oct/2020:23:50:38] (P): Fetching attachment from url: https://s33834.pcdn.co/web-agency-gb/wp-content/uploads/sites/422/2020/01/neve-webdesign-GB-01.png...
[18/Oct/2020:23:50:39] (S): Fetched remote attachment.
[18/Oct/2020:23:50:39] (P): Inserting attachment...
[18/Oct/2020:23:50:39] (S): Attachment inserted
[18/Oct/2020:23:50:39] (S): Processed attachment.
[18/Oct/2020:23:50:39] (P): Processing attachment: https://s33834.pcdn.co/web-agency-gb/wp-content/uploads/sites/422/2020/01/neve-webdesign-GB-03.png...
[18/Oct/2020:23:50:39] (P): Fetching attachment from url: https://s33834.pcdn.co/web-agency-gb/wp-content/uploads/sites/422/2020/01/neve-webdesign-GB-03.png...
[18/Oct/2020:23:50:40] (S): Fetched remote attachment.
[18/Oct/2020:23:50:40] (P): Inserting attachment...
[18/Oct/2020:23:50:40] (S): Attachment inserted
[18/Oct/2020:23:50:40] (S): Processed attachment.
[18/Oct/2020:23:50:40] (P): Processing attachment: https://s33834.pcdn.co/web-agency-gb/wp-content/uploads/sites/422/2020/01/neve-webdesign-GB-04.png...
[18/Oct/2020:23:50:40] (P): Fetching attachment from url: https://s33834.pcdn.co/web-agency-gb/wp-content/uploads/sites/422/2020/01/neve-webdesign-GB-04.png...
[18/Oct/2020:23:50:41] (S): Fetched remote attachment.
[18/Oct/2020:23:50:41] (P): Inserting attachment...
[18/Oct/2020:23:50:41] (S): Attachment inserted
[18/Oct/2020:23:50:41] (S): Processed attachment.
[18/Oct/2020:23:50:41] (P): Processing attachment: https://s33834.pcdn.co/web-agency-gb/wp-content/uploads/sites/422/2020/01/neve-web-design-bg-05.jpg...
[18/Oct/2020:23:50:41] (P): Fetching attachment from url: https://s33834.pcdn.co/web-agency-gb/wp-content/uploads/sites/422/2020/01/neve-web-design-bg-05.jpg...
[18/Oct/2020:23:50:42] (S): Fetched remote attachment.
[18/Oct/2020:23:50:42] (P): Inserting attachment...
[18/Oct/2020:23:50:42] (S): Attachment inserted
[18/Oct/2020:23:50:42] (S): Processed attachment.
[18/Oct/2020:23:50:42] (P): Processing attachment: https://s33834.pcdn.co/web-agency-gb/wp-content/uploads/sites/422/2020/01/neve-web-design-bg-06.jpg...
[18/Oct/2020:23:50:42] (P): Fetching attachment from url: https://s33834.pcdn.co/web-agency-gb/wp-content/uploads/sites/422/2020/01/neve-web-design-bg-06.jpg...
[18/Oct/2020:23:50:43] (S): Fetched remote attachment.
[18/Oct/2020:23:50:43] (P): Inserting attachment...
[18/Oct/2020:23:50:43] (S): Attachment inserted
[18/Oct/2020:23:50:43] (S): Processed attachment.
[18/Oct/2020:23:50:43] (P): Processing attachment: https://s33834.pcdn.co/web-agency-gb/wp-content/uploads/sites/422/2020/01/neve-web-design-bg-07.jpg...
[18/Oct/2020:23:50:43] (P): Fetching attachment from url: https://s33834.pcdn.co/web-agency-gb/wp-content/uploads/sites/422/2020/01/neve-web-design-bg-07.jpg...
[18/Oct/2020:23:50:44] (S): Fetched remote attachment.
[18/Oct/2020:23:50:44] (P): Inserting attachment...
[18/Oct/2020:23:50:44] (S): Attachment inserted
[18/Oct/2020:23:50:44] (S): Processed attachment.
[18/Oct/2020:23:50:44] (P): Processing attachment: https://s33834.pcdn.co/web-agency-gb/wp-content/uploads/sites/422/2020/01/neve-web-design-bg-08.jpg...
[18/Oct/2020:23:50:44] (P): Fetching attachment from url: https://s33834.pcdn.co/web-agency-gb/wp-content/uploads/sites/422/2020/01/neve-web-design-bg-08.jpg...
[18/Oct/2020:23:50:46] (S): Fetched remote attachment.
[18/Oct/2020:23:50:46] (P): Inserting attachment...
[18/Oct/2020:23:50:46] (S): Attachment inserted
[18/Oct/2020:23:50:46] (S): Processed attachment.
[18/Oct/2020:23:50:46] (P): Processing attachment: https://s33834.pcdn.co/web-agency-gb/wp-content/uploads/sites/422/2020/01/neve-web-design-bg-09.jpg...
[18/Oct/2020:23:50:46] (P): Fetching attachment from url: https://s33834.pcdn.co/web-agency-gb/wp-content/uploads/sites/422/2020/01/neve-web-design-bg-09.jpg...
[18/Oct/2020:23:50:47] (S): Fetched remote attachment.
[18/Oct/2020:23:50:47] (P): Inserting attachment...
[18/Oct/2020:23:50:47] (S): Attachment inserted
[18/Oct/2020:23:50:47] (S): Processed attachment.
[18/Oct/2020:23:50:47] (P): Processing attachment: https://s33834.pcdn.co/web-agency-gb/wp-content/uploads/sites/422/2020/01/neve-web-design-bg-10.jpg...
[18/Oct/2020:23:50:47] (P): Fetching attachment from url: https://s33834.pcdn.co/web-agency-gb/wp-content/uploads/sites/422/2020/01/neve-web-design-bg-10.jpg...
[18/Oct/2020:23:50:48] (S): Fetched remote attachment.
[18/Oct/2020:23:50:48] (P): Inserting attachment...
[18/Oct/2020:23:50:48] (S): Attachment inserted
[18/Oct/2020:23:50:48] (S): Processed attachment.
[18/Oct/2020:23:50:48] (P): Processing attachment: https://s33834.pcdn.co/web-agency-gb/wp-content/uploads/sites/422/2020/01/neve-web-design-bg-11.jpg...
[18/Oct/2020:23:50:48] (P): Fetching attachment from url: https://s33834.pcdn.co/web-agency-gb/wp-content/uploads/sites/422/2020/01/neve-web-design-bg-11.jpg...
[18/Oct/2020:23:50:48] (S): Fetched remote attachment.
[18/Oct/2020:23:50:48] (P): Inserting attachment...
[18/Oct/2020:23:50:48] (S): Attachment inserted
[18/Oct/2020:23:50:48] (S): Processed attachment.
[18/Oct/2020:23:50:48] (P): Processing attachment: https://s33834.pcdn.co/web-agency-gb/wp-content/uploads/sites/422/2020/01/neve-web-design-bg-12.jpg...
[18/Oct/2020:23:50:48] (P): Fetching attachment from url: https://s33834.pcdn.co/web-agency-gb/wp-content/uploads/sites/422/2020/01/neve-web-design-bg-12.jpg...
[18/Oct/2020:23:50:49] (S): Fetched remote attachment.
[18/Oct/2020:23:50:49] (P): Inserting attachment...
[18/Oct/2020:23:50:49] (S): Attachment inserted
[18/Oct/2020:23:50:49] (S): Processed attachment.
[18/Oct/2020:23:50:49] (P): Processing attachment: https://s33834.pcdn.co/web-agency-gb/wp-content/uploads/sites/422/2020/01/neve-web-design-bg-13.jpg...
[18/Oct/2020:23:50:49] (P): Fetching attachment from url: https://s33834.pcdn.co/web-agency-gb/wp-content/uploads/sites/422/2020/01/neve-web-design-bg-13.jpg...
[18/Oct/2020:23:50:50] (S): Fetched remote attachment.
[18/Oct/2020:23:50:50] (P): Inserting attachment...
[18/Oct/2020:23:50:50] (S): Attachment inserted
[18/Oct/2020:23:50:50] (S): Processed attachment.
[18/Oct/2020:23:50:50] (P): Processing attachment: https://s33834.pcdn.co/web-agency-gb/wp-content/uploads/sites/422/2020/01/neve-web-design-bg-14.jpg...
[18/Oct/2020:23:50:50] (P): Fetching attachment from url: https://s33834.pcdn.co/web-agency-gb/wp-content/uploads/sites/422/2020/01/neve-web-design-bg-14.jpg...
[18/Oct/2020:23:50:51] (S): Fetched remote attachment.
[18/Oct/2020:23:50:51] (P): Inserting attachment...
[18/Oct/2020:23:50:51] (S): Attachment inserted
[18/Oct/2020:23:50:51] (S): Processed attachment.
[18/Oct/2020:23:50:51] (P): Processing attachment: https://s33834.pcdn.co/web-agency-gb/wp-content/uploads/sites/422/2020/01/neve-web-design-bg-15.jpg...
[18/Oct/2020:23:50:51] (P): Fetching attachment from url: https://s33834.pcdn.co/web-agency-gb/wp-content/uploads/sites/422/2020/01/neve-web-design-bg-15.jpg...
[18/Oct/2020:23:50:52] (S): Fetched remote attachment.
[18/Oct/2020:23:50:52] (P): Inserting attachment...
[18/Oct/2020:23:50:52] (S): Attachment inserted
[18/Oct/2020:23:50:52] (S): Processed attachment.
[18/Oct/2020:23:50:52] (P): Processing attachment: https://s33834.pcdn.co/web-agency-gb/wp-content/uploads/sites/422/2020/06/web-agency-logo-2.png...
[18/Oct/2020:23:50:52] (P): Fetching attachment from url: https://s33834.pcdn.co/web-agency-gb/wp-content/uploads/sites/422/2020/06/web-agency-logo-2.png...
[18/Oct/2020:23:50:52] (S): Fetched remote attachment.
[18/Oct/2020:23:50:52] (P): Inserting attachment...
[18/Oct/2020:23:50:52] (S): Attachment inserted
[18/Oct/2020:23:50:52] (S): Processed attachment.
[18/Oct/2020:23:50:52] (P): Processing attachment: https://s33834.pcdn.co/web-agency-gb/wp-content/uploads/sites/422/2020/06/web-agency-icon.png...
[18/Oct/2020:23:50:52] (P): Fetching attachment from url: https://s33834.pcdn.co/web-agency-gb/wp-content/uploads/sites/422/2020/06/web-agency-icon.png...
[18/Oct/2020:23:50:56] (S): Fetched remote attachment.
[18/Oct/2020:23:50:56] (P): Inserting attachment...
[18/Oct/2020:23:50:56] (S): Attachment inserted
[18/Oct/2020:23:50:56] (S): Processed attachment.
[18/Oct/2020:23:50:56] (P): Processing attachment: https://s33834.pcdn.co/web-agency-gb/wp-content/uploads/sites/422/2020/06/cropped-web-agency-logo-2.png...
[18/Oct/2020:23:50:56] (P): Fetching attachment from url: https://s33834.pcdn.co/web-agency-gb/wp-content/uploads/sites/422/2020/06/cropped-web-agency-logo-2.png...
[18/Oct/2020:23:50:56] (S): Fetched remote attachment.
[18/Oct/2020:23:50:56] (P): Inserting attachment...
[18/Oct/2020:23:50:56] (S): Attachment inserted
[18/Oct/2020:23:50:56] (S): Processed attachment.
[18/Oct/2020:23:50:56] (P): Processing attachment: https://s33834.pcdn.co/web-agency-gb/wp-content/uploads/sites/422/2020/06/cropped-web-agency-icon.png...
[18/Oct/2020:23:50:56] (P): Fetching attachment from url: https://s33834.pcdn.co/web-agency-gb/wp-content/uploads/sites/422/2020/06/cropped-web-agency-icon.png...
[18/Oct/2020:23:50:57] (S): Fetched remote attachment.
[18/Oct/2020:23:50:57] (P): Inserting attachment...
[18/Oct/2020:23:50:57] (S): Attachment inserted
[18/Oct/2020:23:50:57] (S): Processed attachment.
[18/Oct/2020:23:50:57] (P): Processing attachment: https://s33834.pcdn.co/web-agency-gb/wp-content/uploads/sites/422/2020/07/web-design-studio-01.jpg.jpg...
[18/Oct/2020:23:50:57] (P): Fetching attachment from url: https://s33834.pcdn.co/web-agency-gb/wp-content/uploads/sites/422/2020/07/web-design-studio-01.jpg.jpg...
[18/Oct/2020:23:50:58] (S): Fetched remote attachment.
[18/Oct/2020:23:50:58] (P): Inserting attachment...
[18/Oct/2020:23:50:58] (S): Attachment inserted
[18/Oct/2020:23:50:58] (S): Processed attachment.
[18/Oct/2020:23:50:58] (P): Inserting post: 5 UX Principles for Creating a Great Website .
[18/Oct/2020:23:50:58] (S): Done inserting post: 5 UX Principles for Creating a Great Website .
[18/Oct/2020:23:50:58] (P): Inserting page: News .
[18/Oct/2020:23:50:58] (S): Done inserting page: News .
[18/Oct/2020:23:50:58] (P): Inserting page: Home .
[18/Oct/2020:23:50:58] (S): Done inserting page: Home .
[18/Oct/2020:23:50:58] (P): Processing single menu item ' '...
[18/Oct/2020:23:50:58] (S): Processed single menu item.
[18/Oct/2020:23:50:58] (P): Inserting post: Web Design Trends for 2020 .
[18/Oct/2020:23:50:58] (S): Done inserting post: Web Design Trends for 2020 .
[18/Oct/2020:23:50:58] (P): Inserting post: A Simple Guide to Design Thinking .
[18/Oct/2020:23:50:59] (S): Done inserting post: A Simple Guide to Design Thinking .
[18/Oct/2020:23:50:59] (P): Inserting wp_block: 3 column section .
[18/Oct/2020:23:50:59] (S): Done inserting wp_block: 3 column section .
[18/Oct/2020:23:50:59] (P): Inserting page: About Us .
[18/Oct/2020:23:50:59] (S): Done inserting page: About Us .
[18/Oct/2020:23:50:59] (P): Processing single menu item ' '...
[18/Oct/2020:23:50:59] (S): Processed single menu item.
[18/Oct/2020:23:50:59] (P): Inserting page: Portfolio .
[18/Oct/2020:23:50:59] (S): Done inserting page: Portfolio .
[18/Oct/2020:23:50:59] (P): Inserting page: Portfolio Single .
[18/Oct/2020:23:50:59] (S): Done inserting page: Portfolio Single .
[18/Oct/2020:23:50:59] (P): Processing single menu item ' '...
[18/Oct/2020:23:50:59] (S): Processed single menu item.
[18/Oct/2020:23:50:59] (P): Processing single menu item ' '...
[18/Oct/2020:23:50:59] (S): Processed single menu item.
[18/Oct/2020:23:50:59] (P): Inserting page: Contact Us .
[18/Oct/2020:23:50:59] (S): Done inserting page: Contact Us .
[18/Oct/2020:23:51:00] (P): Processing single menu item ' '...
[18/Oct/2020:23:51:00] (S): Processed single menu item.
[18/Oct/2020:23:51:00] (S): Processed posts.
[18/Oct/2020:23:51:00] (P): Processing single menu item ' '...
[18/Oct/2020:23:51:01] (S): Processed single menu item.
[18/Oct/2020:23:51:01] (P): Cleaning up import with id ...
[18/Oct/2020:23:51:01] (P): Done cleanup. Flushing cache...
[18/Oct/2020:23:51:01] (P): Flushed cache. Removing temporary data..
[18/Oct/2020:23:51:01] (S): Done importing
[18/Oct/2020:23:51:01] (P): Busting elementor cache
[18/Oct/2020:23:51:01] (S): Front page set up with id: 5.
